# JRE version: Java(TM) SE Runtime Environment (8.0_241-b07) (build 1.8.0_241-b07)
# Java VM: Java HotSpot(TM) 64-Bit Server VM (25.241-b07 mixed mode windows-amd64 compressed oops)
Heap:
 PSYoungGen      total 441344K, used 229805K [0x000000076b400000, 0x0000000789680000, 0x00000007c0000000)
  eden space 388608K, 46% used [0x000000076b400000,0x0000000776315bf0,0x0000000782f80000)
  from space 52736K, 95% used [0x0000000782f80000,0x00000007860d5830,0x0000000786300000)
  to   space 42496K, 0% used [0x0000000786d00000,0x0000000786d00000,0x0000000789680000)
 ParOldGen       total 366592K, used 81345K [0x00000006c1c00000, 0x00000006d8200000, 0x000000076b400000)
  object space 366592K, 22% used [0x00000006c1c00000,0x00000006c6b70760,0x00000006d8200000)
 Metaspace       used 135719K, capacity 139044K, committed 139136K, reserved 1171456K
  class space    used 16389K, capacity 17248K, committed 17280K, reserved 1048576K
GC Heap History (10 events):
Event: 28.120 GC heap before
{Heap before GC invocations=19 (full 3):
 PSYoungGen      total 304640K, used 286342K [0x000000076b400000, 0x0000000785600000, 0x00000007c0000000)
  eden space 260608K, 100% used [0x000000076b400000,0x000000077b280000,0x000000077b280000)
  from space 44032K, 58% used [0x000000077b280000,0x000000077cba1a40,0x000000077dd80000)
  to   space 43520K, 0% used [0x0000000782b80000,0x0000000782b80000,0x0000000785600000)
 ParOldGen       total 258048K, used 39894K [0x00000006c1c00000, 0x00000006d1800000, 0x000000076b400000)
  object space 258048K, 15% used [0x00000006c1c00000,0x00000006c42f5910,0x00000006d1800000)
 Metaspace       used 83648K, capacity 85876K, committed 86144K, reserved 1124352K
  class space    used 9925K, capacity 10516K, committed 10624K, reserved 1048576K
Event: 28.146 GC heap after
Heap after GC invocations=19 (full 3):
 PSYoungGen      total 377856K, used 41242K [0x000000076b400000, 0x0000000785980000, 0x00000007c0000000)
  eden space 334336K, 0% used [0x000000076b400000,0x000000076b400000,0x000000077fa80000)
  from space 43520K, 94% used [0x0000000782b80000,0x00000007853c69f0,0x0000000785600000)
  to   space 48640K, 0% used [0x000000077fa80000,0x000000077fa80000,0x0000000782a00000)
 ParOldGen       total 258048K, used 39902K [0x00000006c1c00000, 0x00000006d1800000, 0x000000076b400000)
  object space 258048K, 15% used [0x00000006c1c00000,0x00000006c42f7910,0x00000006d1800000)
 Metaspace       used 83648K, capacity 85876K, committed 86144K, reserved 1124352K
  class space    used 9925K, capacity 10516K, committed 10624K, reserved 1048576K
}
Event: 30.833 GC heap before
{Heap before GC invocations=20 (full 3):
 PSYoungGen      total 377856K, used 260569K [0x000000076b400000, 0x0000000785980000, 0x00000007c0000000)
  eden space 334336K, 65% used [0x000000076b400000,0x0000000778a2fb48,0x000000077fa80000)
  from space 43520K, 94% used [0x0000000782b80000,0x00000007853c69f0,0x0000000785600000)
  to   space 48640K, 0% used [0x000000077fa80000,0x000000077fa80000,0x0000000782a00000)
 ParOldGen       total 258048K, used 39902K [0x00000006c1c00000, 0x00000006d1800000, 0x000000076b400000)
  object space 258048K, 15% used [0x00000006c1c00000,0x00000006c42f7910,0x00000006d1800000)
 Metaspace       used 95957K, capacity 98470K, committed 98560K, reserved 1136640K
  class space    used 11471K, capacity 12101K, committed 12160K, reserved 1048576K
Event: 30.866 GC heap after
Heap after GC invocations=20 (full 3):
 PSYoungGen      total 382976K, used 48620K [0x000000076b400000, 0x000000078a380000, 0x00000007c0000000)
  eden space 334336K, 0% used [0x000000076b400000,0x000000076b400000,0x000000077fa80000)
  from space 48640K, 99% used [0x000000077fa80000,0x00000007829fb240,0x0000000782a00000)
  to   space 55808K, 0% used [0x0000000786d00000,0x0000000786d00000,0x000000078a380000)
 ParOldGen       total 258048K, used 40026K [0x00000006c1c00000, 0x00000006d1800000, 0x000000076b400000)
  object space 258048K, 15% used [0x00000006c1c00000,0x00000006c4316b78,0x00000006d1800000)
 Metaspace       used 95957K, capacity 98470K, committed 98560K, reserved 1136640K
  class space    used 11471K, capacity 12101K, committed 12160K, reserved 1048576K
}
Event: 30.867 GC heap before
{Heap before GC invocations=21 (full 4):
 PSYoungGen      total 382976K, used 48620K [0x000000076b400000, 0x000000078a380000, 0x00000007c0000000)
  eden space 334336K, 0% used [0x000000076b400000,0x000000076b400000,0x000000077fa80000)
  from space 48640K, 99% used [0x000000077fa80000,0x00000007829fb240,0x0000000782a00000)
  to   space 55808K, 0% used [0x0000000786d00000,0x0000000786d00000,0x000000078a380000)
 ParOldGen       total 258048K, used 40026K [0x00000006c1c00000, 0x00000006d1800000, 0x000000076b400000)
  object space 258048K, 15% used [0x00000006c1c00000,0x00000006c4316b78,0x00000006d1800000)
 Metaspace       used 95957K, capacity 98470K, committed 98560K, reserved 1136640K
  class space    used 11471K, capacity 12101K, committed 12160K, reserved 1048576K
Event: 31.054 GC heap after
Heap after GC invocations=21 (full 4):
 PSYoungGen      total 382976K, used 0K [0x000000076b400000, 0x000000078a380000, 0x00000007c0000000)
  eden space 334336K, 0% used [0x000000076b400000,0x000000076b400000,0x000000077fa80000)
  from space 48640K, 0% used [0x000000077fa80000,0x000000077fa80000,0x0000000782a00000)
  to   space 55808K, 0% used [0x0000000786d00000,0x0000000786d00000,0x000000078a380000)
 ParOldGen       total 366592K, used 81321K [0x00000006c1c00000, 0x00000006d8200000, 0x000000076b400000)
  object space 366592K, 22% used [0x00000006c1c00000,0x00000006c6b6a760,0x00000006d8200000)
 Metaspace       used 89259K, capacity 90910K, committed 98560K, reserved 1136640K
  class space    used 10624K, capacity 11185K, committed 12160K, reserved 1048576K
}
Event: 36.137 GC heap before
{Heap before GC invocations=22 (full 4):
 PSYoungGen      total 382976K, used 334336K [0x000000076b400000, 0x000000078a380000, 0x00000007c0000000)
  eden space 334336K, 100% used [0x000000076b400000,0x000000077fa80000,0x000000077fa80000)
  from space 48640K, 0% used [0x000000077fa80000,0x000000077fa80000,0x0000000782a00000)
  to   space 55808K, 0% used [0x0000000786d00000,0x0000000786d00000,0x000000078a380000)
 ParOldGen       total 366592K, used 81321K [0x00000006c1c00000, 0x00000006d8200000, 0x000000076b400000)
  object space 366592K, 22% used [0x00000006c1c00000,0x00000006c6b6a760,0x00000006d8200000)
 Metaspace       used 104630K, capacity 106820K, committed 107264K, reserved 1142784K
  class space    used 12530K, capacity 13186K, committed 13312K, reserved 1048576K
Event: 36.159 GC heap after
Heap after GC invocations=22 (full 4):
 PSYoungGen      total 431104K, used 26094K [0x000000076b400000, 0x0000000789680000, 0x00000007c0000000)
  eden space 388608K, 0% used [0x000000076b400000,0x000000076b400000,0x0000000782f80000)
  from space 42496K, 61% used [0x0000000786d00000,0x000000078867bb98,0x0000000789680000)
  to   space 52736K, 0% used [0x0000000782f80000,0x0000000782f80000,0x0000000786300000)
 ParOldGen       total 366592K, used 81329K [0x00000006c1c00000, 0x00000006d8200000, 0x000000076b400000)
  object space 366592K, 22% used [0x00000006c1c00000,0x00000006c6b6c760,0x00000006d8200000)
 Metaspace       used 104630K, capacity 106820K, committed 107264K, reserved 1142784K
  class space    used 12530K, capacity 13186K, committed 13312K, reserved 1048576K
}
Event: 41.478 GC heap before
{Heap before GC invocations=23 (full 4):
 PSYoungGen      total 431104K, used 414702K [0x000000076b400000, 0x0000000789680000, 0x00000007c0000000)
  eden space 388608K, 100% used [0x000000076b400000,0x0000000782f80000,0x0000000782f80000)
  from space 42496K, 61% used [0x0000000786d00000,0x000000078867bb98,0x0000000789680000)
  to   space 52736K, 0% used [0x0000000782f80000,0x0000000782f80000,0x0000000786300000)
 ParOldGen       total 366592K, used 81329K [0x00000006c1c00000, 0x00000006d8200000, 0x000000076b400000)
  object space 366592K, 22% used [0x00000006c1c00000,0x00000006c6b6c760,0x00000006d8200000)
 Metaspace       used 127664K, capacity 130722K, committed 130944K, reserved 1163264K
  class space    used 15423K, capacity 16243K, committed 16256K, reserved 1048576K
Event: 41.506 GC heap after
Heap after GC invocations=23 (full 4):
 PSYoungGen      total 441344K, used 50518K [0x000000076b400000, 0x0000000789680000, 0x00000007c0000000)
  eden space 388608K, 0% used [0x000000076b400000,0x000000076b400000,0x0000000782f80000)
  from space 52736K, 95% used [0x0000000782f80000,0x00000007860d5830,0x0000000786300000)
  to   space 42496K, 0% used [0x0000000786d00000,0x0000000786d00000,0x0000000789680000)
 ParOldGen       total 366592K, used 81345K [0x00000006c1c00000, 0x00000006d8200000, 0x000000076b400000)
  object space 366592K, 22% used [0x00000006c1c00000,0x00000006c6b70760,0x00000006d8200000)
 Metaspace       used 127664K, capacity 130722K, committed 130944K, reserved 1163264K
  class space    used 15423K, capacity 16243K, committed 16256K, reserved 1048576K
}

